<?xml version="1.0" encoding="UTF-8"?>
<testsuite name="com.thoughtworks.homework.service.UserServiceTest" tests="10" skipped="0" failures="0" errors="0" timestamp="2019-07-02T02:13:30" hostname="CNqian.yang" time="0.039">
  <properties/>
  <testcase name="should_throw_exception_when_create_user_with_username_is_exist" classname="com.thoughtworks.homework.service.UserServiceTest" time="0.018"/>
  <testcase name="should_return_successful_message_when_delete_user_by_id" classname="com.thoughtworks.homework.service.UserServiceTest" time="0.002"/>
  <testcase name="should_return_usersInfo_when_get_users" classname="com.thoughtworks.homework.service.UserServiceTest" time="0.002"/>
  <testcase name="should_return_userInfo_when_find_user_by_id_with_user_is_exist" classname="com.thoughtworks.homework.service.UserServiceTest" time="0.002"/>
  <testcase name="should_throw_exception_when_update_user_by_id_with_username_be_used" classname="com.thoughtworks.homework.service.UserServiceTest" time="0.001"/>
  <testcase name="should_throw_exception_when_delete_user_by_id_with_user_is_not_exist" classname="com.thoughtworks.homework.service.UserServiceTest" time="0.002"/>
  <testcase name="should_throw_exception_when_update_user_by_id_with_user_is_not_exist" classname="com.thoughtworks.homework.service.UserServiceTest" time="0.002"/>
  <testcase name="should_return_successful_message_when_update_user_by_id" classname="com.thoughtworks.homework.service.UserServiceTest" time="0.001"/>
  <testcase name="should_throw_exception_when_find_user_by_id_with_user_is_not_exist" classname="com.thoughtworks.homework.service.UserServiceTest" time="0.001"/>
  <testcase name="should_return_userInfo_when_create_user_with_username_is_not_used" classname="com.thoughtworks.homework.service.UserServiceTest" time="0.001"/>
  <system-out><![CDATA[10:13:26.461 [Test worker] DEBUG org.springframework.test.context.junit4.SpringJUnit4ClassRunner - SpringJUnit4ClassRunner constructor called with [class com.thoughtworks.homework.service.UserServiceTest]
10:13:26.468 [Test worker] DEBUG org.springframework.test.context.BootstrapUtils - Instantiating CacheAwareContextLoaderDelegate from class [org.springframework.test.context.cache.DefaultCacheAwareContextLoaderDelegate]
10:13:26.475 [Test worker] DEBUG org.springframework.test.context.BootstrapUtils - Instantiating BootstrapContext using constructor [public org.springframework.test.context.support.DefaultBootstrapContext(java.lang.Class,org.springframework.test.context.CacheAwareContextLoaderDelegate)]
10:13:26.489 [Test worker] DEBUG org.springframework.test.context.BootstrapUtils - Instantiating TestContextBootstrapper for test class [com.thoughtworks.homework.service.UserServiceTest] from class [org.springframework.boot.test.context.SpringBootTestContextBootstrapper]
10:13:26.501 [Test worker] INFO org.springframework.boot.test.context.SpringBootTestContextBootstrapper - Neither @ContextConfiguration nor @ContextHierarchy found for test class [com.thoughtworks.homework.service.UserServiceTest], using SpringBootContextLoader
10:13:26.503 [Test worker] DEBUG org.springframework.test.context.support.AbstractContextLoader - Did not detect default resource location for test class [com.thoughtworks.homework.service.UserServiceTest]: class path resource [com/thoughtworks/homework/service/UserServiceTest-context.xml] does not exist
10:13:26.504 [Test worker] DEBUG org.springframework.test.context.support.AbstractContextLoader - Did not detect default resource location for test class [com.thoughtworks.homework.service.UserServiceTest]: class path resource [com/thoughtworks/homework/service/UserServiceTestContext.groovy] does not exist
10:13:26.504 [Test worker] INFO org.springframework.test.context.support.AbstractContextLoader - Could not detect default resource locations for test class [com.thoughtworks.homework.service.UserServiceTest]: no resource found for suffixes {-context.xml, Context.groovy}.
10:13:26.504 [Test worker] INFO org.springframework.test.context.support.AnnotationConfigContextLoaderUtils - Could not detect default configuration classes for test class [com.thoughtworks.homework.service.UserServiceTest]: UserServiceTest does not declare any static, non-private, non-final, nested classes annotated with @Configuration.
10:13:26.538 [Test worker] DEBUG org.springframework.test.context.support.ActiveProfilesUtils - Could not find an 'annotation declaring class' for annotation type [org.springframework.test.context.ActiveProfiles] and class [com.thoughtworks.homework.service.UserServiceTest]
10:13:26.601 [Test worker] DEBUG org.springframework.context.annotation.ClassPathScanningCandidateComponentProvider - Identified candidate component class: file [/Users/qian.yang/IdeaProjects/gs-accessing-data-mysql/initial/build/classes/java/main/com/thoughtworks/homework/Application.class]
10:13:26.602 [Test worker] INFO org.springframework.boot.test.context.SpringBootTestContextBootstrapper - Found @SpringBootConfiguration com.thoughtworks.homework.Application for test class com.thoughtworks.homework.service.UserServiceTest
10:13:26.680 [Test worker] DEBUG org.springframework.boot.test.context.SpringBootTestContextBootstrapper - @TestExecutionListeners is not present for class [com.thoughtworks.homework.service.UserServiceTest]: using defaults.
10:13:26.680 [Test worker] INFO org.springframework.boot.test.context.SpringBootTestContextBootstrapper - Loaded default TestExecutionListener class names from location [META-INF/spring.factories]: [org.springframework.boot.test.autoconfigure.restdocs.RestDocsTestExecutionListener, org.springframework.boot.test.autoconfigure.web.client.MockRestServiceServerResetTestExecutionListener, org.springframework.boot.test.autoconfigure.web.servlet.MockMvcPrintOnlyOnFailureTestExecutionListener, org.springframework.boot.test.autoconfigure.web.servlet.WebDriverTestExecutionListener, org.springframework.boot.test.mock.mockito.MockitoTestExecutionListener, org.springframework.boot.test.mock.mockito.ResetMocksTestExecutionListener, org.springframework.test.context.web.ServletTestExecutionListener, org.springframework.test.context.support.DirtiesContextBeforeModesTestExecutionListener, org.springframework.test.context.support.DependencyInjectionTestExecutionListener, org.springframework.test.context.support.DirtiesContextTestExecutionListener, org.springframework.test.context.transaction.TransactionalTestExecutionListener, org.springframework.test.context.jdbc.SqlScriptsTestExecutionListener]
10:13:26.693 [Test worker] INFO org.springframework.boot.test.context.SpringBootTestContextBootstrapper - Using TestExecutionListeners: [org.springframework.test.context.web.ServletTestExecutionListener@282b9bf3, org.springframework.test.context.support.DirtiesContextBeforeModesTestExecutionListener@688007e, org.springframework.boot.test.mock.mockito.MockitoTestExecutionListener@8fa007a, org.springframework.boot.test.autoconfigure.SpringBootDependencyInjectionTestExecutionListener@6a1c1647, org.springframework.test.context.support.DirtiesContextTestExecutionListener@1e1cfcf4, org.springframework.test.context.transaction.TransactionalTestExecutionListener@58d184b9, org.springframework.test.context.jdbc.SqlScriptsTestExecutionListener@f0a609, org.springframework.boot.test.autoconfigure.restdocs.RestDocsTestExecutionListener@a54367e, org.springframework.boot.test.autoconfigure.web.client.MockRestServiceServerResetTestExecutionListener@7356809c, org.springframework.boot.test.autoconfigure.web.servlet.MockMvcPrintOnlyOnFailureTestExecutionListener@27763603, org.springframework.boot.test.autoconfigure.web.servlet.WebDriverTestExecutionListener@22b30c0a, org.springframework.boot.test.mock.mockito.ResetMocksTestExecutionListener@97f39e4]
10:13:26.695 [Test worker] DEBUG org.springframework.test.annotation.ProfileValueUtils - Retrieved @ProfileValueSourceConfiguration [null] for test class [com.thoughtworks.homework.service.UserServiceTest]
10:13:26.695 [Test worker] DEBUG org.springframework.test.annotation.ProfileValueUtils - Retrieved ProfileValueSource type [class org.springframework.test.annotation.SystemProfileValueSource] for class [com.thoughtworks.homework.service.UserServiceTest]
10:13:26.696 [Test worker] DEBUG org.springframework.test.annotation.ProfileValueUtils - Retrieved @ProfileValueSourceConfiguration [null] for test class [com.thoughtworks.homework.service.UserServiceTest]
10:13:26.696 [Test worker] DEBUG org.springframework.test.annotation.ProfileValueUtils - Retrieved ProfileValueSource type [class org.springframework.test.annotation.SystemProfileValueSource] for class [com.thoughtworks.homework.service.UserServiceTest]
10:13:26.700 [Test worker] DEBUG org.springframework.test.context.support.AbstractDirtiesContextTestExecutionListener - Before test class: context [DefaultTestContext@9587686 testClass = UserServiceTest, testInstance = [null], testMethod = [null], testException = [null], mergedContextConfiguration = [WebMergedContextConfiguration@365211c9 testClass = UserServiceTest, locations = '{}', classes = '{class com.thoughtworks.homework.Application}', contextInitializerClasses = '[]', activeProfiles = '{}', propertySourceLocations = '{}', propertySourceProperties = '{org.springframework.boot.test.context.SpringBootTestContextBootstrapper=true}', contextCustomizers = set[org.springframework.boot.test.autoconfigure.properties.PropertyMappingContextCustomizer@0, org.springframework.boot.test.autoconfigure.web.servlet.WebDriverContextCustomizerFactory$Customizer@4c1cbb8b, org.springframework.boot.test.context.filter.ExcludeFilterContextCustomizer@2650ffdd, org.springframework.boot.test.json.DuplicateJsonObjectContextCustomizerFactory$DuplicateJsonObjectContextCustomizer@49174d45, org.springframework.boot.test.mock.mockito.MockitoContextCustomizer@0, org.springframework.boot.test.web.client.TestRestTemplateContextCustomizer@7eb7d610], resourceBasePath = 'src/main/webapp', contextLoader = 'org.springframework.boot.test.context.SpringBootContextLoader', parent = [null]], attributes = map['org.springframework.test.context.web.ServletTestExecutionListener.activateListener' -> true]], class annotated with @DirtiesContext [false] with mode [null].
10:13:26.701 [Test worker] DEBUG org.springframework.test.annotation.ProfileValueUtils - Retrieved @ProfileValueSourceConfiguration [null] for test class [com.thoughtworks.homework.service.UserServiceTest]
10:13:26.701 [Test worker] DEBUG org.springframework.test.annotation.ProfileValueUtils - Retrieved ProfileValueSource type [class org.springframework.test.annotation.SystemProfileValueSource] for class [com.thoughtworks.homework.service.UserServiceTest]
10:13:26.725 [Test worker] DEBUG org.springframework.test.context.support.TestPropertySourceUtils - Adding inlined properties to environment: {spring.jmx.enabled=false, org.springframework.boot.test.context.SpringBootTestContextBootstrapper=true, server.port=-1}

  .   ____          _            __ _ _
 /\\ / ___'_ __ _ _(_)_ __  __ _ \ \ \ \
( ( )\___ | '_ | '_| | '_ \/ _` | \ \ \ \
 \\/  ___)| |_)| | | | | || (_| |  ) ) ) )
  '  |____| .__|_| |_|_| |_\__, | / / / /
 =========|_|==============|___/=/_/_/_/
 :: Spring Boot ::        (v2.1.6.RELEASE)

2019-07-02 10:13:26.892  INFO 5495 --- [    Test worker] c.t.homework.service.UserServiceTest     : Starting UserServiceTest on CNqian.yang with PID 5495 (started by qian.yang in /Users/qian.yang/IdeaProjects/gs-accessing-data-mysql/initial)
2019-07-02 10:13:26.893  INFO 5495 --- [    Test worker] c.t.homework.service.UserServiceTest     : No active profile set, falling back to default profiles: default
2019-07-02 10:13:27.403  INFO 5495 --- [    Test worker] .s.d.r.c.RepositoryConfigurationDelegate : Bootstrapping Spring Data repositories in DEFAULT mode.
2019-07-02 10:13:27.458  INFO 5495 --- [    Test worker] .s.d.r.c.RepositoryConfigurationDelegate : Finished Spring Data repository scanning in 49ms. Found 1 repository interfaces.
2019-07-02 10:13:27.804  INFO 5495 --- [    Test worker] trationDelegate$BeanPostProcessorChecker : Bean 'org.springframework.transaction.annotation.ProxyTransactionManagementConfiguration' of type [org.springframework.transaction.annotation.ProxyTransactionManagementConfiguration$$EnhancerBySpringCGLIB$$ab98a052] is not eligible for getting processed by all BeanPostProcessors (for example: not eligible for auto-proxying)
2019-07-02 10:13:27.971  INFO 5495 --- [    Test worker] com.zaxxer.hikari.HikariDataSource       : HikariPool-1 - Starting...
2019-07-02 10:13:27.974  WARN 5495 --- [    Test worker] com.zaxxer.hikari.util.DriverDataSource  : Registered driver with driverClassName=com.mysql.jdbc.Driver was not found, trying direct instantiation.
2019-07-02 10:13:28.157  INFO 5495 --- [    Test worker] com.zaxxer.hikari.HikariDataSource       : HikariPool-1 - Start completed.
2019-07-02 10:13:28.209  INFO 5495 --- [    Test worker] o.hibernate.jpa.internal.util.LogHelper  : HHH000204: Processing PersistenceUnitInfo [
	name: default
	...]
2019-07-02 10:13:28.259  INFO 5495 --- [    Test worker] org.hibernate.Version                    : HHH000412: Hibernate Core {5.3.10.Final}
2019-07-02 10:13:28.260  INFO 5495 --- [    Test worker] org.hibernate.cfg.Environment            : HHH000206: hibernate.properties not found
2019-07-02 10:13:28.381  INFO 5495 --- [    Test worker] o.hibernate.annotations.common.Version   : HCANN000001: Hibernate Commons Annotations {5.0.4.Final}
2019-07-02 10:13:28.491  INFO 5495 --- [    Test worker] org.hibernate.dialect.Dialect            : HHH000400: Using dialect: org.hibernate.dialect.MySQL5Dialect
2019-07-02 10:13:29.001  INFO 5495 --- [    Test worker] j.LocalContainerEntityManagerFactoryBean : Initialized JPA EntityManagerFactory for persistence unit 'default'
2019-07-02 10:13:29.706  INFO 5495 --- [    Test worker] o.s.s.concurrent.ThreadPoolTaskExecutor  : Initializing ExecutorService 'applicationTaskExecutor'
2019-07-02 10:13:29.757  WARN 5495 --- [    Test worker] aWebConfiguration$JpaWebMvcConfiguration : spring.jpa.open-in-view is enabled by default. Therefore, database queries may be performed during view rendering. Explicitly configure spring.jpa.open-in-view to disable this warning
2019-07-02 10:13:30.026  INFO 5495 --- [    Test worker] c.t.homework.service.UserServiceTest     : Started UserServiceTest in 3.291 seconds (JVM running for 4.102)
]]></system-out>
  <system-err><![CDATA[Loading class `com.mysql.jdbc.Driver'. This is deprecated. The new driver class is `com.mysql.cj.jdbc.Driver'. The driver is automatically registered via the SPI and manual loading of the driver class is generally unnecessary.
]]></system-err>
</testsuite>
