<?xml version="1.0" encoding="UTF-8"?>
<testsuite name="com.thoughtworks.homework.service.AuthServiceTest" tests="13" skipped="0" failures="0" errors="0" timestamp="2019-07-22T04:59:20" hostname="Imdreamer" time="0.124">
  <properties/>
  <testcase name="should_throw_exception_when_changePermissions_with_role_id_admin" classname="com.thoughtworks.homework.service.AuthServiceTest" time="0.048"/>
  <testcase name="should_throw_exception_when_logout_with_header_has_not_token_or_token_is_invalid" classname="com.thoughtworks.homework.service.AuthServiceTest" time="0.008"/>
  <testcase name="should_throw_exception_when_changePermissions_with_user_is_admin" classname="com.thoughtworks.homework.service.AuthServiceTest" time="0.005"/>
  <testcase name="should_return_userInfo_json_when_create_user_successful" classname="com.thoughtworks.homework.service.AuthServiceTest" time="0.004"/>
  <testcase name="should_return_baseResponse_json_when_logout_successful" classname="com.thoughtworks.homework.service.AuthServiceTest" time="0.004"/>
  <testcase name="should_throw_exception_when_resetUserPassword_with_email_is_not_exist" classname="com.thoughtworks.homework.service.AuthServiceTest" time="0.004"/>
  <testcase name="should_throw_exception_when_resetUserPassword_with_resetPasswordCode_is_error" classname="com.thoughtworks.homework.service.AuthServiceTest" time="0.004"/>
  <testcase name="should_throw_exception_when_create_user_with_email_is_exist" classname="com.thoughtworks.homework.service.AuthServiceTest" time="0.004"/>
  <testcase name="should_return_userInfo_json_when_get_current_user_from_token" classname="com.thoughtworks.homework.service.AuthServiceTest" time="0.003"/>
  <testcase name="should_return_userInfo_json_when_resetUserPassword_with_successful" classname="com.thoughtworks.homework.service.AuthServiceTest" time="0.004"/>
  <testcase name="should_throw_exception_when_changePermissions_with_email_is_invalid" classname="com.thoughtworks.homework.service.AuthServiceTest" time="0.004"/>
  <testcase name="should_throw_exception_when_create_user_with_registerCode_is_error" classname="com.thoughtworks.homework.service.AuthServiceTest" time="0.004"/>
  <testcase name="should_return_BaseResponse_json_when_changePermissions_successful" classname="com.thoughtworks.homework.service.AuthServiceTest" time="0.005"/>
  <system-out><![CDATA[12:59:06.544 [Test worker] DEBUG org.springframework.test.context.junit4.SpringJUnit4ClassRunner - SpringJUnit4ClassRunner constructor called with [class com.thoughtworks.homework.service.AuthServiceTest]
12:59:06.554 [Test worker] DEBUG org.springframework.test.context.BootstrapUtils - Instantiating CacheAwareContextLoaderDelegate from class [org.springframework.test.context.cache.DefaultCacheAwareContextLoaderDelegate]
12:59:06.569 [Test worker] DEBUG org.springframework.test.context.BootstrapUtils - Instantiating BootstrapContext using constructor [public org.springframework.test.context.support.DefaultBootstrapContext(java.lang.Class,org.springframework.test.context.CacheAwareContextLoaderDelegate)]
12:59:06.598 [Test worker] DEBUG org.springframework.test.context.BootstrapUtils - Instantiating TestContextBootstrapper for test class [com.thoughtworks.homework.service.AuthServiceTest] from class [org.springframework.boot.test.context.SpringBootTestContextBootstrapper]
12:59:06.618 [Test worker] INFO org.springframework.boot.test.context.SpringBootTestContextBootstrapper - Neither @ContextConfiguration nor @ContextHierarchy found for test class [com.thoughtworks.homework.service.AuthServiceTest], using SpringBootContextLoader
12:59:06.622 [Test worker] DEBUG org.springframework.test.context.support.AbstractContextLoader - Did not detect default resource location for test class [com.thoughtworks.homework.service.AuthServiceTest]: class path resource [com/thoughtworks/homework/service/AuthServiceTest-context.xml] does not exist
12:59:06.623 [Test worker] DEBUG org.springframework.test.context.support.AbstractContextLoader - Did not detect default resource location for test class [com.thoughtworks.homework.service.AuthServiceTest]: class path resource [com/thoughtworks/homework/service/AuthServiceTestContext.groovy] does not exist
12:59:06.623 [Test worker] INFO org.springframework.test.context.support.AbstractContextLoader - Could not detect default resource locations for test class [com.thoughtworks.homework.service.AuthServiceTest]: no resource found for suffixes {-context.xml, Context.groovy}.
12:59:06.624 [Test worker] INFO org.springframework.test.context.support.AnnotationConfigContextLoaderUtils - Could not detect default configuration classes for test class [com.thoughtworks.homework.service.AuthServiceTest]: AuthServiceTest does not declare any static, non-private, non-final, nested classes annotated with @Configuration.
12:59:06.682 [Test worker] DEBUG org.springframework.test.context.support.ActiveProfilesUtils - Could not find an 'annotation declaring class' for annotation type [org.springframework.test.context.ActiveProfiles] and class [com.thoughtworks.homework.service.AuthServiceTest]
12:59:06.853 [Test worker] DEBUG org.springframework.context.annotation.ClassPathScanningCandidateComponentProvider - Identified candidate component class: file [A:\IntelliJProject\TW_springBootTest\build\classes\java\main\com\thoughtworks\homework\Application.class]
12:59:06.856 [Test worker] INFO org.springframework.boot.test.context.SpringBootTestContextBootstrapper - Found @SpringBootConfiguration com.thoughtworks.homework.Application for test class com.thoughtworks.homework.service.AuthServiceTest
12:59:07.118 [Test worker] DEBUG org.springframework.boot.test.context.SpringBootTestContextBootstrapper - @TestExecutionListeners is not present for class [com.thoughtworks.homework.service.AuthServiceTest]: using defaults.
12:59:07.120 [Test worker] INFO org.springframework.boot.test.context.SpringBootTestContextBootstrapper - Loaded default TestExecutionListener class names from location [META-INF/spring.factories]: [org.springframework.security.test.context.support.WithSecurityContextTestExecutionListener, org.springframework.security.test.context.support.ReactorContextTestExecutionListener, org.springframework.boot.test.autoconfigure.restdocs.RestDocsTestExecutionListener, org.springframework.boot.test.autoconfigure.web.client.MockRestServiceServerResetTestExecutionListener, org.springframework.boot.test.autoconfigure.web.servlet.MockMvcPrintOnlyOnFailureTestExecutionListener, org.springframework.boot.test.autoconfigure.web.servlet.WebDriverTestExecutionListener, org.springframework.boot.test.mock.mockito.MockitoTestExecutionListener, org.springframework.boot.test.mock.mockito.ResetMocksTestExecutionListener, org.springframework.test.context.web.ServletTestExecutionListener, org.springframework.test.context.support.DirtiesContextBeforeModesTestExecutionListener, org.springframework.test.context.support.DependencyInjectionTestExecutionListener, org.springframework.test.context.support.DirtiesContextTestExecutionListener, org.springframework.test.context.transaction.TransactionalTestExecutionListener, org.springframework.test.context.jdbc.SqlScriptsTestExecutionListener]
12:59:07.153 [Test worker] INFO org.springframework.boot.test.context.SpringBootTestContextBootstrapper - Using TestExecutionListeners: [org.springframework.test.context.web.ServletTestExecutionListener@3d76b9, org.springframework.test.context.support.DirtiesContextBeforeModesTestExecutionListener@6516e0, org.springframework.boot.test.mock.mockito.MockitoTestExecutionListener@1df4b76, org.springframework.boot.test.autoconfigure.SpringBootDependencyInjectionTestExecutionListener@88e6b3, org.springframework.test.context.support.DirtiesContextTestExecutionListener@1dbc3a5, org.springframework.test.context.transaction.TransactionalTestExecutionListener@16d0f28, org.springframework.test.context.jdbc.SqlScriptsTestExecutionListener@747448, org.springframework.security.test.context.support.WithSecurityContextTestExecutionListener@116a0cb, org.springframework.security.test.context.support.ReactorContextTestExecutionListener@4d8127, org.springframework.boot.test.autoconfigure.restdocs.RestDocsTestExecutionListener@116c549, org.springframework.boot.test.autoconfigure.web.client.MockRestServiceServerResetTestExecutionListener@d931d7, org.springframework.boot.test.autoconfigure.web.servlet.MockMvcPrintOnlyOnFailureTestExecutionListener@19cc3f, org.springframework.boot.test.autoconfigure.web.servlet.WebDriverTestExecutionListener@c93e62, org.springframework.boot.test.mock.mockito.ResetMocksTestExecutionListener@1f492ff]
12:59:07.156 [Test worker] DEBUG org.springframework.test.annotation.ProfileValueUtils - Retrieved @ProfileValueSourceConfiguration [null] for test class [com.thoughtworks.homework.service.AuthServiceTest]
12:59:07.157 [Test worker] DEBUG org.springframework.test.annotation.ProfileValueUtils - Retrieved ProfileValueSource type [class org.springframework.test.annotation.SystemProfileValueSource] for class [com.thoughtworks.homework.service.AuthServiceTest]
12:59:07.158 [Test worker] DEBUG org.springframework.test.annotation.ProfileValueUtils - Retrieved @ProfileValueSourceConfiguration [null] for test class [com.thoughtworks.homework.service.AuthServiceTest]
12:59:07.158 [Test worker] DEBUG org.springframework.test.annotation.ProfileValueUtils - Retrieved ProfileValueSource type [class org.springframework.test.annotation.SystemProfileValueSource] for class [com.thoughtworks.homework.service.AuthServiceTest]
12:59:07.164 [Test worker] DEBUG org.springframework.test.context.support.AbstractDirtiesContextTestExecutionListener - Before test class: context [DefaultTestContext@1501818 testClass = AuthServiceTest, testInstance = [null], testMethod = [null], testException = [null], mergedContextConfiguration = [WebMergedContextConfiguration@71b687 testClass = AuthServiceTest, locations = '{}', classes = '{class com.thoughtworks.homework.Application}', contextInitializerClasses = '[]', activeProfiles = '{}', propertySourceLocations = '{}', propertySourceProperties = '{org.springframework.boot.test.context.SpringBootTestContextBootstrapper=true}', contextCustomizers = set[org.springframework.boot.test.autoconfigure.properties.PropertyMappingContextCustomizer@0, org.springframework.boot.test.autoconfigure.web.servlet.WebDriverContextCustomizerFactory$Customizer@52629, org.springframework.boot.test.context.filter.ExcludeFilterContextCustomizer@14d0d8d, org.springframework.boot.test.json.DuplicateJsonObjectContextCustomizerFactory$DuplicateJsonObjectContextCustomizer@17ff465, org.springframework.boot.test.mock.mockito.MockitoContextCustomizer@0, org.springframework.boot.test.web.client.TestRestTemplateContextCustomizer@c6c0e8], resourceBasePath = 'src/main/webapp', contextLoader = 'org.springframework.boot.test.context.SpringBootContextLoader', parent = [null]], attributes = map['org.springframework.test.context.web.ServletTestExecutionListener.activateListener' -> true]], class annotated with @DirtiesContext [false] with mode [null].
12:59:07.165 [Test worker] DEBUG org.springframework.test.annotation.ProfileValueUtils - Retrieved @ProfileValueSourceConfiguration [null] for test class [com.thoughtworks.homework.service.AuthServiceTest]
12:59:07.165 [Test worker] DEBUG org.springframework.test.annotation.ProfileValueUtils - Retrieved ProfileValueSource type [class org.springframework.test.annotation.SystemProfileValueSource] for class [com.thoughtworks.homework.service.AuthServiceTest]
12:59:07.199 [Test worker] DEBUG org.springframework.test.context.support.TestPropertySourceUtils - Adding inlined properties to environment: {spring.jmx.enabled=false, org.springframework.boot.test.context.SpringBootTestContextBootstrapper=true, server.port=-1}

  .   ____          _            __ _ _
 /\\ / ___'_ __ _ _(_)_ __  __ _ \ \ \ \
( ( )\___ | '_ | '_| | '_ \/ _` | \ \ \ \
 \\/  ___)| |_)| | | | | || (_| |  ) ) ) )
  '  |____| .__|_| |_|_| |_\__, | / / / /
 =========|_|==============|___/=/_/_/_/
 :: Spring Boot ::        (v2.1.6.RELEASE)

2019-07-22 12:59:07.721  INFO 14408 --- [    Test worker] c.t.homework.service.AuthServiceTest     : Starting AuthServiceTest on Imdreamer with PID 14408 (started by PC in A:\IntelliJProject\TW_springBootTest)
2019-07-22 12:59:07.723  INFO 14408 --- [    Test worker] c.t.homework.service.AuthServiceTest     : No active profile set, falling back to default profiles: default
2019-07-22 12:59:09.653  INFO 14408 --- [    Test worker] .s.d.r.c.RepositoryConfigurationDelegate : Multiple Spring Data modules found, entering strict repository configuration mode!
2019-07-22 12:59:09.656  INFO 14408 --- [    Test worker] .s.d.r.c.RepositoryConfigurationDelegate : Bootstrapping Spring Data repositories in DEFAULT mode.
2019-07-22 12:59:09.995  INFO 14408 --- [    Test worker] .s.d.r.c.RepositoryConfigurationDelegate : Finished Spring Data repository scanning in 326ms. Found 3 repository interfaces.
2019-07-22 12:59:10.020  INFO 14408 --- [    Test worker] .s.d.r.c.RepositoryConfigurationDelegate : Multiple Spring Data modules found, entering strict repository configuration mode!
2019-07-22 12:59:10.021  INFO 14408 --- [    Test worker] .s.d.r.c.RepositoryConfigurationDelegate : Bootstrapping Spring Data repositories in DEFAULT mode.
2019-07-22 12:59:10.043  INFO 14408 --- [    Test worker] .RepositoryConfigurationExtensionSupport : Spring Data Redis - Could not safely identify store assignment for repository candidate interface com.thoughtworks.homework.repository.CommentRepository.
2019-07-22 12:59:10.044  INFO 14408 --- [    Test worker] .RepositoryConfigurationExtensionSupport : Spring Data Redis - Could not safely identify store assignment for repository candidate interface com.thoughtworks.homework.repository.PostRepository.
2019-07-22 12:59:10.045  INFO 14408 --- [    Test worker] .RepositoryConfigurationExtensionSupport : Spring Data Redis - Could not safely identify store assignment for repository candidate interface com.thoughtworks.homework.repository.UserRepository.
2019-07-22 12:59:10.045  INFO 14408 --- [    Test worker] .s.d.r.c.RepositoryConfigurationDelegate : Finished Spring Data repository scanning in 12ms. Found 0 repository interfaces.
2019-07-22 12:59:10.774  INFO 14408 --- [    Test worker] trationDelegate$BeanPostProcessorChecker : Bean 'org.springframework.transaction.annotation.ProxyTransactionManagementConfiguration' of type [org.springframework.transaction.annotation.ProxyTransactionManagementConfiguration$$EnhancerBySpringCGLIB$$a845afc6] is not eligible for getting processed by all BeanPostProcessors (for example: not eligible for auto-proxying)
2019-07-22 12:59:10.852  INFO 14408 --- [    Test worker] trationDelegate$BeanPostProcessorChecker : Bean 'org.springframework.boot.autoconfigure.flyway.FlywayAutoConfiguration' of type [org.springframework.boot.autoconfigure.flyway.FlywayAutoConfiguration$$EnhancerBySpringCGLIB$$d2bf4730] is not eligible for getting processed by all BeanPostProcessors (for example: not eligible for auto-proxying)
2019-07-22 12:59:10.922  INFO 14408 --- [    Test worker] trationDelegate$BeanPostProcessorChecker : Bean 'stringOrNumberMigrationVersionConverter' of type [org.springframework.boot.autoconfigure.flyway.FlywayAutoConfiguration$StringOrNumberToMigrationVersionConverter] is not eligible for getting processed by all BeanPostProcessors (for example: not eligible for auto-proxying)
2019-07-22 12:59:10.949  INFO 14408 --- [    Test worker] trationDelegate$BeanPostProcessorChecker : Bean 'spring.redis-org.springframework.boot.autoconfigure.data.redis.RedisProperties' of type [org.springframework.boot.autoconfigure.data.redis.RedisProperties] is not eligible for getting processed by all BeanPostProcessors (for example: not eligible for auto-proxying)
2019-07-22 12:59:10.950  INFO 14408 --- [    Test worker] trationDelegate$BeanPostProcessorChecker : Bean 'redisConfiguration' of type [com.thoughtworks.homework.configuration.RedisConfiguration$$EnhancerBySpringCGLIB$$a5a5cec4] is not eligible for getting processed by all BeanPostProcessors (for example: not eligible for auto-proxying)
2019-07-22 12:59:11.032  INFO 14408 --- [    Test worker] trationDelegate$BeanPostProcessorChecker : Bean 'org.springframework.security.config.annotation.configuration.ObjectPostProcessorConfiguration' of type [org.springframework.security.config.annotation.configuration.ObjectPostProcessorConfiguration$$EnhancerBySpringCGLIB$$40f37800] is not eligible for getting processed by all BeanPostProcessors (for example: not eligible for auto-proxying)
2019-07-22 12:59:11.048  INFO 14408 --- [    Test worker] trationDelegate$BeanPostProcessorChecker : Bean 'objectPostProcessor' of type [org.springframework.security.config.annotation.configuration.AutowireBeanFactoryObjectPostProcessor] is not eligible for getting processed by all BeanPostProcessors (for example: not eligible for auto-proxying)
2019-07-22 12:59:11.050  INFO 14408 --- [    Test worker] trationDelegate$BeanPostProcessorChecker : Bean 'org.springframework.security.access.expression.method.DefaultMethodSecurityExpressionHandler@79e410' of type [org.springframework.security.access.expression.method.DefaultMethodSecurityExpressionHandler] is not eligible for getting processed by all BeanPostProcessors (for example: not eligible for auto-proxying)
2019-07-22 12:59:11.069  INFO 14408 --- [    Test worker] trationDelegate$BeanPostProcessorChecker : Bean 'org.springframework.security.config.annotation.method.configuration.GlobalMethodSecurityConfiguration' of type [org.springframework.security.config.annotation.method.configuration.GlobalMethodSecurityConfiguration$$EnhancerBySpringCGLIB$$65c81ab2] is not eligible for getting processed by all BeanPostProcessors (for example: not eligible for auto-proxying)
2019-07-22 12:59:11.082  INFO 14408 --- [    Test worker] trationDelegate$BeanPostProcessorChecker : Bean 'methodSecurityMetadataSource' of type [org.springframework.security.access.method.DelegatingMethodSecurityMetadataSource] is not eligible for getting processed by all BeanPostProcessors (for example: not eligible for auto-proxying)
2019-07-22 12:59:11.112  INFO 14408 --- [    Test worker] trationDelegate$BeanPostProcessorChecker : Bean 'com.daimler.otr.keyvault.KeyVaultAutoConfiguration' of type [com.daimler.otr.keyvault.KeyVaultAutoConfiguration$$EnhancerBySpringCGLIB$$4e469868] is not eligible for getting processed by all BeanPostProcessors (for example: not eligible for auto-proxying)
2019-07-22 12:59:11.118  INFO 14408 --- [    Test worker] c.d.o.k.KeyVaultAutoConfiguration        : init MockKeyVaultConfiguration
2019-07-22 12:59:11.120  INFO 14408 --- [    Test worker] trationDelegate$BeanPostProcessorChecker : Bean 'initializeMockKeyVaultClient' of type [com.daimler.otr.keyvault.impl.mock.MockKeyVaultClient] is not eligible for getting processed by all BeanPostProcessors (for example: not eligible for auto-proxying)
2019-07-22 12:59:11.507  INFO 14408 --- [    Test worker] o.f.c.internal.license.VersionPrinter    : Flyway Community Edition 5.2.4 by Boxfuse
2019-07-22 12:59:11.518  INFO 14408 --- [    Test worker] com.zaxxer.hikari.HikariDataSource       : HikariPool-1 - Starting...
2019-07-22 12:59:12.246  INFO 14408 --- [    Test worker] com.zaxxer.hikari.HikariDataSource       : HikariPool-1 - Start completed.
2019-07-22 12:59:12.256  INFO 14408 --- [    Test worker] o.f.c.internal.database.DatabaseFactory  : Database: jdbc:mysql://120.79.34.153:3306/spring_test (MySQL 5.7)
2019-07-22 12:59:12.758  INFO 14408 --- [    Test worker] o.f.core.internal.command.DbValidate     : Successfully validated 1 migration (execution time 00:00.163s)
2019-07-22 12:59:12.998  INFO 14408 --- [    Test worker] o.f.core.internal.command.DbMigrate      : Current version of schema `spring_test`: 1.0
2019-07-22 12:59:13.025  INFO 14408 --- [    Test worker] o.f.core.internal.command.DbMigrate      : Schema `spring_test` is up to date. No migration necessary.
2019-07-22 12:59:13.428  INFO 14408 --- [    Test worker] o.hibernate.jpa.internal.util.LogHelper  : HHH000204: Processing PersistenceUnitInfo [
	name: default
	...]
2019-07-22 12:59:13.582  INFO 14408 --- [    Test worker] org.hibernate.Version                    : HHH000412: Hibernate Core {5.3.10.Final}
2019-07-22 12:59:13.584  INFO 14408 --- [    Test worker] org.hibernate.cfg.Environment            : HHH000206: hibernate.properties not found
2019-07-22 12:59:13.922  INFO 14408 --- [    Test worker] o.hibernate.annotations.common.Version   : HCANN000001: Hibernate Commons Annotations {5.0.4.Final}
2019-07-22 12:59:14.207  INFO 14408 --- [    Test worker] org.hibernate.dialect.Dialect            : HHH000400: Using dialect: org.hibernate.dialect.MySQL5InnoDBDialect
2019-07-22 12:59:15.445  INFO 14408 --- [    Test worker] j.LocalContainerEntityManagerFactoryBean : Initialized JPA EntityManagerFactory for persistence unit 'default'
2019-07-22 12:59:17.067  WARN 14408 --- [    Test worker] aWebConfiguration$JpaWebMvcConfiguration : spring.jpa.open-in-view is enabled by default. Therefore, database queries may be performed during view rendering. Explicitly configure spring.jpa.open-in-view to disable this warning
2019-07-22 12:59:18.182  INFO 14408 --- [    Test worker] o.s.s.web.DefaultSecurityFilterChain     : Creating filter chain: any request, [org.springframework.security.web.context.request.async.WebAsyncManagerIntegrationFilter@239fa, org.springframework.security.web.context.SecurityContextPersistenceFilter@77fbb4, org.springframework.security.web.header.HeaderWriterFilter@101cd2d, org.springframework.web.filter.CorsFilter@1796dd4, org.springframework.security.web.authentication.logout.LogoutFilter@1a99eab, com.thoughtworks.homework.filter.JWTAuthenticationFilter@89cd0e, com.thoughtworks.homework.filter.JWTAuthorizationFilter@a98d58, org.springframework.security.web.savedrequest.RequestCacheAwareFilter@588308, org.springframework.security.web.servletapi.SecurityContextHolderAwareRequestFilter@eca65b, org.springframework.security.web.authentication.AnonymousAuthenticationFilter@143a01e, org.springframework.security.web.session.SessionManagementFilter@1fb7ae0, org.springframework.security.web.access.ExceptionTranslationFilter@db4ac5, org.springframework.security.web.access.intercept.FilterSecurityInterceptor@1853880]
2019-07-22 12:59:18.260  INFO 14408 --- [    Test worker] pertySourcedRequestMappingHandlerMapping : Mapped URL path [/v2/api-docs] onto method [public org.springframework.http.ResponseEntity<springfox.documentation.spring.web.json.Json> springfox.documentation.swagger2.web.Swagger2Controller.getDocumentation(java.lang.String,javax.servlet.http.HttpServletRequest)]
2019-07-22 12:59:19.712  INFO 14408 --- [    Test worker] d.s.w.p.DocumentationPluginsBootstrapper : Context refreshed
2019-07-22 12:59:19.747  INFO 14408 --- [    Test worker] d.s.w.p.DocumentationPluginsBootstrapper : Found 1 custom documentation plugin(s)
2019-07-22 12:59:19.812  INFO 14408 --- [    Test worker] s.d.s.w.s.ApiListingReferenceScanner     : Scanning for api listing references
2019-07-22 12:59:20.125  INFO 14408 --- [    Test worker] c.t.homework.service.AuthServiceTest     : Started AuthServiceTest in 12.913 seconds (JVM running for 15.004)
]]></system-out>
  <system-err><![CDATA[]]></system-err>
</testsuite>
