<?xml version="1.0" encoding="UTF-8"?>
<testsuite name="com.thoughtworks.homework.service.AuthServiceTest" tests="13" skipped="0" failures="0" errors="0" timestamp="2020-05-11T13:48:37" hostname="Mac-mini.local" time="0.069">
  <properties/>
  <testcase name="should_throw_exception_when_changePermissions_with_role_id_admin" classname="com.thoughtworks.homework.service.AuthServiceTest" time="0.004"/>
  <testcase name="should_throw_exception_when_logout_with_header_has_not_token_or_token_is_invalid" classname="com.thoughtworks.homework.service.AuthServiceTest" time="0.004"/>
  <testcase name="should_throw_exception_when_changePermissions_with_user_is_admin" classname="com.thoughtworks.homework.service.AuthServiceTest" time="0.003"/>
  <testcase name="should_return_userInfo_json_when_create_user_successful" classname="com.thoughtworks.homework.service.AuthServiceTest" time="0.003"/>
  <testcase name="should_return_baseResponse_json_when_logout_successful" classname="com.thoughtworks.homework.service.AuthServiceTest" time="0.004"/>
  <testcase name="should_throw_exception_when_resetUserPassword_with_email_is_not_exist" classname="com.thoughtworks.homework.service.AuthServiceTest" time="0.004"/>
  <testcase name="should_throw_exception_when_resetUserPassword_with_resetPasswordCode_is_error" classname="com.thoughtworks.homework.service.AuthServiceTest" time="0.004"/>
  <testcase name="should_throw_exception_when_create_user_with_email_is_exist" classname="com.thoughtworks.homework.service.AuthServiceTest" time="0.004"/>
  <testcase name="should_return_userInfo_json_when_get_current_user_from_token" classname="com.thoughtworks.homework.service.AuthServiceTest" time="0.004"/>
  <testcase name="should_return_userInfo_json_when_resetUserPassword_with_successful" classname="com.thoughtworks.homework.service.AuthServiceTest" time="0.005"/>
  <testcase name="should_throw_exception_when_changePermissions_with_email_is_invalid" classname="com.thoughtworks.homework.service.AuthServiceTest" time="0.005"/>
  <testcase name="should_throw_exception_when_create_user_with_registerCode_is_error" classname="com.thoughtworks.homework.service.AuthServiceTest" time="0.004"/>
  <testcase name="should_return_BaseResponse_json_when_changePermissions_successful" classname="com.thoughtworks.homework.service.AuthServiceTest" time="0.003"/>
  <system-out><![CDATA[2020-05-11 21:48:37.850  INFO 14642 --- [    Test worker] .b.t.c.SpringBootTestContextBootstrapper : Neither @ContextConfiguration nor @ContextHierarchy found for test class [com.thoughtworks.homework.service.AuthServiceTest], using SpringBootContextLoader
2020-05-11 21:48:37.851  INFO 14642 --- [    Test worker] o.s.t.c.support.AbstractContextLoader    : Could not detect default resource locations for test class [com.thoughtworks.homework.service.AuthServiceTest]: no resource found for suffixes {-context.xml, Context.groovy}.
2020-05-11 21:48:37.851  INFO 14642 --- [    Test worker] t.c.s.AnnotationConfigContextLoaderUtils : Could not detect default configuration classes for test class [com.thoughtworks.homework.service.AuthServiceTest]: AuthServiceTest does not declare any static, non-private, non-final, nested classes annotated with @Configuration.
2020-05-11 21:48:37.853  INFO 14642 --- [    Test worker] .b.t.c.SpringBootTestContextBootstrapper : Found @SpringBootConfiguration com.thoughtworks.homework.Application for test class com.thoughtworks.homework.service.AuthServiceTest
2020-05-11 21:48:37.855  INFO 14642 --- [    Test worker] .b.t.c.SpringBootTestContextBootstrapper : Loaded default TestExecutionListener class names from location [META-INF/spring.factories]: [org.springframework.security.test.context.support.WithSecurityContextTestExecutionListener, org.springframework.security.test.context.support.ReactorContextTestExecutionListener, org.springframework.boot.test.autoconfigure.restdocs.RestDocsTestExecutionListener, org.springframework.boot.test.autoconfigure.web.client.MockRestServiceServerResetTestExecutionListener, org.springframework.boot.test.autoconfigure.web.servlet.MockMvcPrintOnlyOnFailureTestExecutionListener, org.springframework.boot.test.autoconfigure.web.servlet.WebDriverTestExecutionListener, org.springframework.boot.test.mock.mockito.MockitoTestExecutionListener, org.springframework.boot.test.mock.mockito.ResetMocksTestExecutionListener, org.springframework.test.context.web.ServletTestExecutionListener, org.springframework.test.context.support.DirtiesContextBeforeModesTestExecutionListener, org.springframework.test.context.support.DependencyInjectionTestExecutionListener, org.springframework.test.context.support.DirtiesContextTestExecutionListener, org.springframework.test.context.transaction.TransactionalTestExecutionListener, org.springframework.test.context.jdbc.SqlScriptsTestExecutionListener]
2020-05-11 21:48:37.855  INFO 14642 --- [    Test worker] .b.t.c.SpringBootTestContextBootstrapper : Using TestExecutionListeners: [org.springframework.test.context.web.ServletTestExecutionListener@2848c7dc, org.springframework.test.context.support.DirtiesContextBeforeModesTestExecutionListener@5acdf086, org.springframework.boot.test.mock.mockito.MockitoTestExecutionListener@65427092, org.springframework.boot.test.autoconfigure.SpringBootDependencyInjectionTestExecutionListener@1427ef51, org.springframework.test.context.support.DirtiesContextTestExecutionListener@7abfac2e, org.springframework.test.context.transaction.TransactionalTestExecutionListener@4f432a3f, org.springframework.test.context.jdbc.SqlScriptsTestExecutionListener@39f315a5, org.springframework.security.test.context.support.WithSecurityContextTestExecutionListener@120538ad, org.springframework.security.test.context.support.ReactorContextTestExecutionListener@155c381f, org.springframework.boot.test.autoconfigure.restdocs.RestDocsTestExecutionListener@4398ea59, org.springframework.boot.test.autoconfigure.web.client.MockRestServiceServerResetTestExecutionListener@62e781b2, org.springframework.boot.test.autoconfigure.web.servlet.MockMvcPrintOnlyOnFailureTestExecutionListener@591c1d13, org.springframework.boot.test.autoconfigure.web.servlet.WebDriverTestExecutionListener@2df44aef, org.springframework.boot.test.mock.mockito.ResetMocksTestExecutionListener@29baa72a]
]]></system-out>
  <system-err><![CDATA[]]></system-err>
</testsuite>
