<?xml version="1.0" encoding="UTF-8"?>
<testsuite name="com.thoughtworks.homework.service.UserServiceTest" tests="6" skipped="0" failures="0" errors="0" timestamp="2019-07-22T04:59:20" hostname="Imdreamer" time="0.034">
  <properties/>
  <testcase name="should_return_userInfo_json_when_delete_user_by_id" classname="com.thoughtworks.homework.service.UserServiceTest" time="0.003"/>
  <testcase name="should_throw_exception_when_find_user_by_email_with_user_is_not_exist" classname="com.thoughtworks.homework.service.UserServiceTest" time="0.007"/>
  <testcase name="should_return_userInfo_json_when_update_user_by_token_userInfo" classname="com.thoughtworks.homework.service.UserServiceTest" time="0.004"/>
  <testcase name="should_return_userInfo_when_find_user_by_email_with_user_is_exist" classname="com.thoughtworks.homework.service.UserServiceTest" time="0.004"/>
  <testcase name="should_throw_exception_when_delete_user_by_id_with_user_is_not_exist" classname="com.thoughtworks.homework.service.UserServiceTest" time="0.005"/>
  <testcase name="should_return_usersInfo_json_when_get_users" classname="com.thoughtworks.homework.service.UserServiceTest" time="0.004"/>
  <system-out><![CDATA[2019-07-22 12:59:20.558  INFO 14408 --- [    Test worker] .b.t.c.SpringBootTestContextBootstrapper : Neither @ContextConfiguration nor @ContextHierarchy found for test class [com.thoughtworks.homework.service.UserServiceTest], using SpringBootContextLoader
2019-07-22 12:59:20.559  INFO 14408 --- [    Test worker] o.s.t.c.support.AbstractContextLoader    : Could not detect default resource locations for test class [com.thoughtworks.homework.service.UserServiceTest]: no resource found for suffixes {-context.xml, Context.groovy}.
2019-07-22 12:59:20.559  INFO 14408 --- [    Test worker] t.c.s.AnnotationConfigContextLoaderUtils : Could not detect default configuration classes for test class [com.thoughtworks.homework.service.UserServiceTest]: UserServiceTest does not declare any static, non-private, non-final, nested classes annotated with @Configuration.
2019-07-22 12:59:20.562  INFO 14408 --- [    Test worker] .b.t.c.SpringBootTestContextBootstrapper : Found @SpringBootConfiguration com.thoughtworks.homework.Application for test class com.thoughtworks.homework.service.UserServiceTest
2019-07-22 12:59:20.564  INFO 14408 --- [    Test worker] .b.t.c.SpringBootTestContextBootstrapper : Loaded default TestExecutionListener class names from location [META-INF/spring.factories]: [org.springframework.security.test.context.support.WithSecurityContextTestExecutionListener, org.springframework.security.test.context.support.ReactorContextTestExecutionListener, org.springframework.boot.test.autoconfigure.restdocs.RestDocsTestExecutionListener, org.springframework.boot.test.autoconfigure.web.client.MockRestServiceServerResetTestExecutionListener, org.springframework.boot.test.autoconfigure.web.servlet.MockMvcPrintOnlyOnFailureTestExecutionListener, org.springframework.boot.test.autoconfigure.web.servlet.WebDriverTestExecutionListener, org.springframework.boot.test.mock.mockito.MockitoTestExecutionListener, org.springframework.boot.test.mock.mockito.ResetMocksTestExecutionListener, org.springframework.test.context.web.ServletTestExecutionListener, org.springframework.test.context.support.DirtiesContextBeforeModesTestExecutionListener, org.springframework.test.context.support.DependencyInjectionTestExecutionListener, org.springframework.test.context.support.DirtiesContextTestExecutionListener, org.springframework.test.context.transaction.TransactionalTestExecutionListener, org.springframework.test.context.jdbc.SqlScriptsTestExecutionListener]
2019-07-22 12:59:20.565  INFO 14408 --- [    Test worker] .b.t.c.SpringBootTestContextBootstrapper : Using TestExecutionListeners: [org.springframework.test.context.web.ServletTestExecutionListener@e093ab, org.springframework.test.context.support.DirtiesContextBeforeModesTestExecutionListener@e94fbc, org.springframework.boot.test.mock.mockito.MockitoTestExecutionListener@1349746, org.springframework.boot.test.autoconfigure.SpringBootDependencyInjectionTestExecutionListener@6aa549, org.springframework.test.context.support.DirtiesContextTestExecutionListener@cf04e4, org.springframework.test.context.transaction.TransactionalTestExecutionListener@8f332e, org.springframework.test.context.jdbc.SqlScriptsTestExecutionListener@1220c9e, org.springframework.security.test.context.support.WithSecurityContextTestExecutionListener@89b31e, org.springframework.security.test.context.support.ReactorContextTestExecutionListener@7f708f, org.springframework.boot.test.autoconfigure.restdocs.RestDocsTestExecutionListener@1a2296d, org.springframework.boot.test.autoconfigure.web.client.MockRestServiceServerResetTestExecutionListener@6586fb, org.springframework.boot.test.autoconfigure.web.servlet.MockMvcPrintOnlyOnFailureTestExecutionListener@143d16a, org.springframework.boot.test.autoconfigure.web.servlet.WebDriverTestExecutionListener@2721c5, org.springframework.boot.test.mock.mockito.ResetMocksTestExecutionListener@70992d]
]]></system-out>
  <system-err><![CDATA[]]></system-err>
</testsuite>
