<?xml version="1.0" encoding="UTF-8"?>
<testsuite name="com.thoughtworks.homework.service.AuthServiceTest" tests="13" skipped="0" failures="0" errors="0" timestamp="2020-05-18T07:13:54" hostname="Mac-mini.local" time="0.064">
  <properties/>
  <testcase name="should_throw_exception_when_changePermissions_with_role_id_admin" classname="com.thoughtworks.homework.service.AuthServiceTest" time="0.004"/>
  <testcase name="should_throw_exception_when_logout_with_header_has_not_token_or_token_is_invalid" classname="com.thoughtworks.homework.service.AuthServiceTest" time="0.005"/>
  <testcase name="should_throw_exception_when_changePermissions_with_user_is_admin" classname="com.thoughtworks.homework.service.AuthServiceTest" time="0.004"/>
  <testcase name="should_return_userInfo_json_when_create_user_successful" classname="com.thoughtworks.homework.service.AuthServiceTest" time="0.002"/>
  <testcase name="should_return_baseResponse_json_when_logout_successful" classname="com.thoughtworks.homework.service.AuthServiceTest" time="0.003"/>
  <testcase name="should_throw_exception_when_resetUserPassword_with_email_is_not_exist" classname="com.thoughtworks.homework.service.AuthServiceTest" time="0.003"/>
  <testcase name="should_throw_exception_when_resetUserPassword_with_resetPasswordCode_is_error" classname="com.thoughtworks.homework.service.AuthServiceTest" time="0.003"/>
  <testcase name="should_throw_exception_when_create_user_with_email_is_exist" classname="com.thoughtworks.homework.service.AuthServiceTest" time="0.003"/>
  <testcase name="should_return_userInfo_json_when_get_current_user_from_token" classname="com.thoughtworks.homework.service.AuthServiceTest" time="0.003"/>
  <testcase name="should_return_userInfo_json_when_resetUserPassword_with_successful" classname="com.thoughtworks.homework.service.AuthServiceTest" time="0.003"/>
  <testcase name="should_throw_exception_when_changePermissions_with_email_is_invalid" classname="com.thoughtworks.homework.service.AuthServiceTest" time="0.003"/>
  <testcase name="should_throw_exception_when_create_user_with_registerCode_is_error" classname="com.thoughtworks.homework.service.AuthServiceTest" time="0.002"/>
  <testcase name="should_return_BaseResponse_json_when_changePermissions_successful" classname="com.thoughtworks.homework.service.AuthServiceTest" time="0.004"/>
  <system-out><![CDATA[2020-05-18 15:13:54.516  INFO 12149 --- [    Test worker] .b.t.c.SpringBootTestContextBootstrapper : Neither @ContextConfiguration nor @ContextHierarchy found for test class [com.thoughtworks.homework.service.AuthServiceTest], using SpringBootContextLoader
2020-05-18 15:13:54.517  INFO 12149 --- [    Test worker] o.s.t.c.support.AbstractContextLoader    : Could not detect default resource locations for test class [com.thoughtworks.homework.service.AuthServiceTest]: no resource found for suffixes {-context.xml, Context.groovy}.
2020-05-18 15:13:54.517  INFO 12149 --- [    Test worker] t.c.s.AnnotationConfigContextLoaderUtils : Could not detect default configuration classes for test class [com.thoughtworks.homework.service.AuthServiceTest]: AuthServiceTest does not declare any static, non-private, non-final, nested classes annotated with @Configuration.
2020-05-18 15:13:54.519  INFO 12149 --- [    Test worker] .b.t.c.SpringBootTestContextBootstrapper : Found @SpringBootConfiguration com.thoughtworks.homework.Application for test class com.thoughtworks.homework.service.AuthServiceTest
2020-05-18 15:13:54.520  INFO 12149 --- [    Test worker] .b.t.c.SpringBootTestContextBootstrapper : Loaded default TestExecutionListener class names from location [META-INF/spring.factories]: [org.springframework.security.test.context.support.WithSecurityContextTestExecutionListener, org.springframework.security.test.context.support.ReactorContextTestExecutionListener, org.springframework.boot.test.autoconfigure.restdocs.RestDocsTestExecutionListener, org.springframework.boot.test.autoconfigure.web.client.MockRestServiceServerResetTestExecutionListener, org.springframework.boot.test.autoconfigure.web.servlet.MockMvcPrintOnlyOnFailureTestExecutionListener, org.springframework.boot.test.autoconfigure.web.servlet.WebDriverTestExecutionListener, org.springframework.boot.test.mock.mockito.MockitoTestExecutionListener, org.springframework.boot.test.mock.mockito.ResetMocksTestExecutionListener, org.springframework.test.context.web.ServletTestExecutionListener, org.springframework.test.context.support.DirtiesContextBeforeModesTestExecutionListener, org.springframework.test.context.support.DependencyInjectionTestExecutionListener, org.springframework.test.context.support.DirtiesContextTestExecutionListener, org.springframework.test.context.transaction.TransactionalTestExecutionListener, org.springframework.test.context.jdbc.SqlScriptsTestExecutionListener]
2020-05-18 15:13:54.521  INFO 12149 --- [    Test worker] .b.t.c.SpringBootTestContextBootstrapper : Using TestExecutionListeners: [org.springframework.test.context.web.ServletTestExecutionListener@2912198b, org.springframework.test.context.support.DirtiesContextBeforeModesTestExecutionListener@6f5cfc3, org.springframework.boot.test.mock.mockito.MockitoTestExecutionListener@13b5f154, org.springframework.boot.test.autoconfigure.SpringBootDependencyInjectionTestExecutionListener@1268f8ad, org.springframework.test.context.support.DirtiesContextTestExecutionListener@2b8f652a, org.springframework.test.context.transaction.TransactionalTestExecutionListener@3ac3c4f, org.springframework.test.context.jdbc.SqlScriptsTestExecutionListener@3f2f423f, org.springframework.security.test.context.support.WithSecurityContextTestExecutionListener@6ad778e7, org.springframework.security.test.context.support.ReactorContextTestExecutionListener@3a21e6a2, org.springframework.boot.test.autoconfigure.restdocs.RestDocsTestExecutionListener@588debed, org.springframework.boot.test.autoconfigure.web.client.MockRestServiceServerResetTestExecutionListener@1df67479, org.springframework.boot.test.autoconfigure.web.servlet.MockMvcPrintOnlyOnFailureTestExecutionListener@4c373760, org.springframework.boot.test.autoconfigure.web.servlet.WebDriverTestExecutionListener@7916dcb2, org.springframework.boot.test.mock.mockito.ResetMocksTestExecutionListener@4e7382fe]
]]></system-out>
  <system-err><![CDATA[]]></system-err>
</testsuite>
